building Nix...
building the system configuration...
these 9 derivations will be built:
  /nix/store/mafb8hfrj55mh8ybasahc33jcw1wy2h1-sshd.conf-settings.drv
  /nix/store/awwfgx2mi9vm4kgycli3ziq333z7camw-sshd.conf-final.drv
  /nix/store/icm7qq98q5r0k61i7407fbdpb697jvmp-X-Restart-Triggers-sshd.drv
  /nix/store/dqg09960x17616a7xm01dlzi232igwwi-unit-sshd.service.drv
  /nix/store/0iynpys75y2h6jj6p8k88r764lgr0p9j-system-units.drv
  /nix/store/704yyilnccbrbrwzzdvsyhaan1pnzgx3-sshd.pam.drv
  /nix/store/9d1z6c1xmf0457smv98lb1n0y2h9n8zg-check-sshd-config.drv
  /nix/store/y4mrrhlgfw9kyl39c17k4cr58pdwn0gy-etc.drv
  /nix/store/zpvdvn8ncl6305186jx3zyygfrid1xnd-nixos-system-x61-25.05.806668.f01fe91b0108.drv
building '/nix/store/704yyilnccbrbrwzzdvsyhaan1pnzgx3-sshd.pam.drv'...
building '/nix/store/mafb8hfrj55mh8ybasahc33jcw1wy2h1-sshd.conf-settings.drv'...
building '/nix/store/awwfgx2mi9vm4kgycli3ziq333z7camw-sshd.conf-final.drv'...
building '/nix/store/icm7qq98q5r0k61i7407fbdpb697jvmp-X-Restart-Triggers-sshd.drv'...
building '/nix/store/9d1z6c1xmf0457smv98lb1n0y2h9n8zg-check-sshd-config.drv'...
building '/nix/store/dqg09960x17616a7xm01dlzi232igwwi-unit-sshd.service.drv'...
building '/nix/store/0iynpys75y2h6jj6p8k88r764lgr0p9j-system-units.drv'...
building '/nix/store/y4mrrhlgfw9kyl39c17k4cr58pdwn0gy-etc.drv'...
building '/nix/store/zpvdvn8ncl6305186jx3zyygfrid1xnd-nixos-system-x61-25.05.806668.f01fe91b0108.drv'...
updating GRUB 2 menu...
activating the configuration...
setting up /etc...
reloading user units for cgf...
restarting sysinit-reactivation.target
restarting the following units: sshd.service
the following new units were started: NetworkManager-dispatcher.service
Done. The new configuration is /nix/store/0yiq1q6gsdzjw3xw14jbwj9wvvx09br8-nixos-system-x61-25.05.806668.f01fe91b0108
